<?xml version="1.0" encoding="UTF-8"?>
<!-- Generated by org.testng.reporters.JUnitReportReporter -->
<testsuite hostname="DESKTOP-I2GND6G" failures="0" tests="4" name="testScripts.TestDataFromExcel" time="0.032" errors="0" timestamp="2022-10-21T08:15:40 IST" skipped="0">
  <testcase classname="testScripts.TestDataFromExcel" name="test" time="0.006"/>
  <system-out/>
  <testcase classname="testScripts.TestDataFromExcel" name="test" time="0.017"/>
  <system-out/>
  <testcase classname="testScripts.TestDataFromExcel" name="test" time="0.003"/>
  <system-out/>
  <testcase classname="testScripts.TestDataFromExcel" name="test" time="0.006"/>
  <system-out/>
</testsuite> <!-- testScripts.TestDataFromExcel -->
