<?xml version="1.0" encoding="UTF-8"?>
<!-- Generated by org.testng.reporters.JUnitReportReporter -->
<testsuite hostname="PREM" failures="0" tests="4" name="TestScripts.TestDataFromExcelToDataProvider" time="0.032" errors="0" timestamp="2022-01-21T12:14:58 IST" skipped="0">
  <testcase classname="TestScripts.TestDataFromExcelToDataProvider" name="test" time="0.006"/>
  <system-out/>
  <testcase classname="TestScripts.TestDataFromExcelToDataProvider" name="test" time="0.015"/>
  <system-out/>
  <testcase classname="TestScripts.TestDataFromExcelToDataProvider" name="test" time="0.008"/>
  <system-out/>
  <testcase classname="TestScripts.TestDataFromExcelToDataProvider" name="test" time="0.003"/>
  <system-out/>
</testsuite> <!-- TestScripts.TestDataFromExcelToDataProvider -->
