<?xml version="1.0" encoding="UTF-8"?>
<!-- Generated by org.testng.reporters.JUnitReportReporter -->
<testsuite hostname="DESKTOP-I2GND6G" failures="0" tests="2" name="testScripts.Page1Test" time="40.134" errors="0" timestamp="2022-10-22T10:25:13 IST" skipped="0">
  <testcase classname="testScripts.Page1Test" name="FillData" time="23.427"/>
  <system-out/>
  <testcase classname="testScripts.Page1Test" name="demo" time="16.707"/>
  <system-out/>
</testsuite> <!-- testScripts.Page1Test -->
